<?xml version="1.0" encoding="UTF-8"?>
<!-- Generated by org.testng.reporters.JUnitReportReporter -->
<testsuite hostname="LAPTOP-5SAKT41P" failures="0" tests="2" name="testCases.TC001_AccountRegistrationTest" time="4.639" errors="0" timestamp="2024-09-09T14:01:46 IST" skipped="0">
  <testcase classname="testCases.TC001_AccountRegistrationTest" name="verify_account_registration" time="2.444"/>
  <testcase classname="testCases.TC001_AccountRegistrationTest" name="verify_account_registration" time="2.195"/>
</testsuite> <!-- testCases.TC001_AccountRegistrationTest -->
