<?xml version="1.0" encoding="UTF-8"?>
<!-- Generated by org.testng.reporters.JUnitReportReporter -->
<testsuite hostname="LAPTOP-5SAKT41P" failures="0" tests="5" name="testCases.TC003_LoginDDT" time="36.867" errors="0" timestamp="2024-09-08T23:41:59 IST" skipped="0">
  <testcase classname="testCases.TC003_LoginDDT" name="verify_LoginDDTesting" time="11.089"/>
  <testcase classname="testCases.TC003_LoginDDT" name="verify_LoginDDTesting" time="1.779"/>
  <testcase classname="testCases.TC003_LoginDDT" name="verify_LoginDDTesting" time="1.640"/>
  <testcase classname="testCases.TC003_LoginDDT" name="verify_LoginDDTesting" time="11.024"/>
  <testcase classname="testCases.TC003_LoginDDT" name="verify_LoginDDTesting" time="11.335"/>
</testsuite> <!-- testCases.TC003_LoginDDT -->
