<?xml version="1.0" encoding="UTF-8"?>
<!-- Generated by org.testng.reporters.JUnitReportReporter -->
<testsuite hostname="LAPTOP-5SAKT41P" failures="0" tests="2" name="testCases.TC002_LoginTest" time="2.835" errors="0" timestamp="2024-09-09T14:01:46 IST" skipped="0">
  <testcase classname="testCases.TC002_LoginTest" name="VerifyAccountLogin" time="1.499"/>
  <testcase classname="testCases.TC002_LoginTest" name="VerifyAccountLogin" time="1.336"/>
</testsuite> <!-- testCases.TC002_LoginTest -->
