<?xml version="1.0" encoding="UTF-8"?>
<!-- Generated by org.testng.reporters.JUnitReportReporter -->
<testsuite hostname="LAPTOP-5SAKT41P" failures="0" tests="1" name="testCases.TC001_AccountRegistrationTest" time="2.088" errors="0" timestamp="2024-09-09T20:48:11 IST" skipped="0">
  <testcase classname="testCases.TC001_AccountRegistrationTest" name="verify_account_registration" time="2.088"/>
</testsuite> <!-- testCases.TC001_AccountRegistrationTest -->
