<?xml version="1.0" encoding="UTF-8"?>
<!-- Generated by org.testng.reporters.JUnitReportReporter -->
<testsuite hostname="LAPTOP-5SAKT41P" failures="0" tests="1" name="testCases.TC002_LoginTest" time="0.785" errors="0" timestamp="2024-09-09T20:48:11 IST" skipped="0">
  <testcase classname="testCases.TC002_LoginTest" name="VerifyAccountLogin" time="0.785"/>
</testsuite> <!-- testCases.TC002_LoginTest -->
